Error: Cannot find module 'app-root-path'
Require stack:
- C:\it\webintro\fp-service-feedback\bin\www
    at Function.Module._resolveFilename (internal/modules/cjs/loader.js:794:15)
    at Module.Hook._require.Module.require (C:\Users\Asus\AppData\Roaming\npm\node_modules\pm2\node_modules\require-in-the-middle\index.js:61:29)
    at require (internal/modules/cjs/helpers.js:74:18)
    at Object.<anonymous> (C:\it\webintro\fp-service-feedback\bin\www:2:14)
    at Module._compile (internal/modules/cjs/loader.js:956:30)
    at Object.Module._extensions..js (internal/modules/cjs/loader.js:973:10)
    at Module.load (internal/modules/cjs/loader.js:812:32)
    at Function.Module._load (internal/modules/cjs/loader.js:724:14)
    at C:\Users\Asus\AppData\Roaming\npm\node_modules\pm2\lib\ProcessContainer.js:301:25
    at wrapper (C:\Users\Asus\AppData\Roaming\npm\node_modules\pm2\node_modules\async\internal\once.js:12:16)
Error: Cannot find module 'app-root-path'
Require stack:
- C:\it\webintro\fp-service-feedback\bin\www
    at Function.Module._resolveFilename (internal/modules/cjs/loader.js:794:15)
    at Module.Hook._require.Module.require (C:\Users\Asus\AppData\Roaming\npm\node_modules\pm2\node_modules\require-in-the-middle\index.js:61:29)
    at require (internal/modules/cjs/helpers.js:74:18)
    at Object.<anonymous> (C:\it\webintro\fp-service-feedback\bin\www:2:14)
    at Module._compile (internal/modules/cjs/loader.js:956:30)
    at Object.Module._extensions..js (internal/modules/cjs/loader.js:973:10)
    at Module.load (internal/modules/cjs/loader.js:812:32)
    at Function.Module._load (internal/modules/cjs/loader.js:724:14)
    at C:\Users\Asus\AppData\Roaming\npm\node_modules\pm2\lib\ProcessContainer.js:301:25
    at wrapper (C:\Users\Asus\AppData\Roaming\npm\node_modules\pm2\node_modules\async\internal\once.js:12:16)
Error: Cannot find module 'app-root-path'
Require stack:
- C:\it\webintro\fp-service-feedback\bin\www
    at Function.Module._resolveFilename (internal/modules/cjs/loader.js:794:15)
    at Module.Hook._require.Module.require (C:\Users\Asus\AppData\Roaming\npm\node_modules\pm2\node_modules\require-in-the-middle\index.js:61:29)
    at require (internal/modules/cjs/helpers.js:74:18)
    at Object.<anonymous> (C:\it\webintro\fp-service-feedback\bin\www:2:14)
    at Module._compile (internal/modules/cjs/loader.js:956:30)
    at Object.Module._extensions..js (internal/modules/cjs/loader.js:973:10)
    at Module.load (internal/modules/cjs/loader.js:812:32)
    at Function.Module._load (internal/modules/cjs/loader.js:724:14)
    at C:\Users\Asus\AppData\Roaming\npm\node_modules\pm2\lib\ProcessContainer.js:301:25
    at wrapper (C:\Users\Asus\AppData\Roaming\npm\node_modules\pm2\node_modules\async\internal\once.js:12:16)
Error: Cannot find module 'app-root-path'
Require stack:
- C:\it\webintro\fp-service-feedback\bin\www
    at Function.Module._resolveFilename (internal/modules/cjs/loader.js:794:15)
    at Module.Hook._require.Module.require (C:\Users\Asus\AppData\Roaming\npm\node_modules\pm2\node_modules\require-in-the-middle\index.js:61:29)
    at require (internal/modules/cjs/helpers.js:74:18)
    at Object.<anonymous> (C:\it\webintro\fp-service-feedback\bin\www:2:14)
    at Module._compile (internal/modules/cjs/loader.js:956:30)
    at Object.Module._extensions..js (internal/modules/cjs/loader.js:973:10)
    at Module.load (internal/modules/cjs/loader.js:812:32)
    at Function.Module._load (internal/modules/cjs/loader.js:724:14)
    at C:\Users\Asus\AppData\Roaming\npm\node_modules\pm2\lib\ProcessContainer.js:301:25
    at wrapper (C:\Users\Asus\AppData\Roaming\npm\node_modules\pm2\node_modules\async\internal\once.js:12:16)
Error: Cannot find module 'app-root-path'
Require stack:
- C:\it\webintro\fp-service-feedback\bin\www
    at Function.Module._resolveFilename (internal/modules/cjs/loader.js:794:15)
    at Module.Hook._require.Module.require (C:\Users\Asus\AppData\Roaming\npm\node_modules\pm2\node_modules\require-in-the-middle\index.js:61:29)
    at require (internal/modules/cjs/helpers.js:74:18)
    at Object.<anonymous> (C:\it\webintro\fp-service-feedback\bin\www:2:14)
    at Module._compile (internal/modules/cjs/loader.js:956:30)
    at Object.Module._extensions..js (internal/modules/cjs/loader.js:973:10)
    at Module.load (internal/modules/cjs/loader.js:812:32)
    at Function.Module._load (internal/modules/cjs/loader.js:724:14)
    at C:\Users\Asus\AppData\Roaming\npm\node_modules\pm2\lib\ProcessContainer.js:301:25
    at wrapper (C:\Users\Asus\AppData\Roaming\npm\node_modules\pm2\node_modules\async\internal\once.js:12:16)
Error: Cannot find module 'app-root-path'
Require stack:
- C:\it\webintro\fp-service-feedback\bin\www
    at Function.Module._resolveFilename (internal/modules/cjs/loader.js:794:15)
    at Module.Hook._require.Module.require (C:\Users\Asus\AppData\Roaming\npm\node_modules\pm2\node_modules\require-in-the-middle\index.js:61:29)
    at require (internal/modules/cjs/helpers.js:74:18)
    at Object.<anonymous> (C:\it\webintro\fp-service-feedback\bin\www:2:14)
    at Module._compile (internal/modules/cjs/loader.js:956:30)
    at Object.Module._extensions..js (internal/modules/cjs/loader.js:973:10)
    at Module.load (internal/modules/cjs/loader.js:812:32)
    at Function.Module._load (internal/modules/cjs/loader.js:724:14)
    at C:\Users\Asus\AppData\Roaming\npm\node_modules\pm2\lib\ProcessContainer.js:301:25
    at wrapper (C:\Users\Asus\AppData\Roaming\npm\node_modules\pm2\node_modules\async\internal\once.js:12:16)
Error: Cannot find module 'app-root-path'
Require stack:
- C:\it\webintro\fp-service-feedback\bin\www
    at Function.Module._resolveFilename (internal/modules/cjs/loader.js:794:15)
    at Module.Hook._require.Module.require (C:\Users\Asus\AppData\Roaming\npm\node_modules\pm2\node_modules\require-in-the-middle\index.js:61:29)
    at require (internal/modules/cjs/helpers.js:74:18)
    at Object.<anonymous> (C:\it\webintro\fp-service-feedback\bin\www:2:14)
    at Module._compile (internal/modules/cjs/loader.js:956:30)
    at Object.Module._extensions..js (internal/modules/cjs/loader.js:973:10)
    at Module.load (internal/modules/cjs/loader.js:812:32)
    at Function.Module._load (internal/modules/cjs/loader.js:724:14)
    at C:\Users\Asus\AppData\Roaming\npm\node_modules\pm2\lib\ProcessContainer.js:301:25
    at wrapper (C:\Users\Asus\AppData\Roaming\npm\node_modules\pm2\node_modules\async\internal\once.js:12:16)
Error: Cannot find module 'app-root-path'
Require stack:
- C:\it\webintro\fp-service-feedback\bin\www
    at Function.Module._resolveFilename (internal/modules/cjs/loader.js:794:15)
    at Module.Hook._require.Module.require (C:\Users\Asus\AppData\Roaming\npm\node_modules\pm2\node_modules\require-in-the-middle\index.js:61:29)
    at require (internal/modules/cjs/helpers.js:74:18)
    at Object.<anonymous> (C:\it\webintro\fp-service-feedback\bin\www:2:14)
    at Module._compile (internal/modules/cjs/loader.js:956:30)
    at Object.Module._extensions..js (internal/modules/cjs/loader.js:973:10)
    at Module.load (internal/modules/cjs/loader.js:812:32)
    at Function.Module._load (internal/modules/cjs/loader.js:724:14)
    at C:\Users\Asus\AppData\Roaming\npm\node_modules\pm2\lib\ProcessContainer.js:301:25
    at wrapper (C:\Users\Asus\AppData\Roaming\npm\node_modules\pm2\node_modules\async\internal\once.js:12:16)
Error: Cannot find module 'app-root-path'
Require stack:
- C:\it\webintro\fp-service-feedback\bin\www
    at Function.Module._resolveFilename (internal/modules/cjs/loader.js:794:15)
    at Module.Hook._require.Module.require (C:\Users\Asus\AppData\Roaming\npm\node_modules\pm2\node_modules\require-in-the-middle\index.js:61:29)
    at require (internal/modules/cjs/helpers.js:74:18)
    at Object.<anonymous> (C:\it\webintro\fp-service-feedback\bin\www:2:14)
    at Module._compile (internal/modules/cjs/loader.js:956:30)
    at Object.Module._extensions..js (internal/modules/cjs/loader.js:973:10)
    at Module.load (internal/modules/cjs/loader.js:812:32)
    at Function.Module._load (internal/modules/cjs/loader.js:724:14)
    at C:\Users\Asus\AppData\Roaming\npm\node_modules\pm2\lib\ProcessContainer.js:301:25
    at wrapper (C:\Users\Asus\AppData\Roaming\npm\node_modules\pm2\node_modules\async\internal\once.js:12:16)
Error: Cannot find module 'app-root-path'
Require stack:
- C:\it\webintro\fp-service-feedback\bin\www
    at Function.Module._resolveFilename (internal/modules/cjs/loader.js:794:15)
    at Module.Hook._require.Module.require (C:\Users\Asus\AppData\Roaming\npm\node_modules\pm2\node_modules\require-in-the-middle\index.js:61:29)
    at require (internal/modules/cjs/helpers.js:74:18)
    at Object.<anonymous> (C:\it\webintro\fp-service-feedback\bin\www:2:14)
    at Module._compile (internal/modules/cjs/loader.js:956:30)
    at Object.Module._extensions..js (internal/modules/cjs/loader.js:973:10)
    at Module.load (internal/modules/cjs/loader.js:812:32)
    at Function.Module._load (internal/modules/cjs/loader.js:724:14)
    at C:\Users\Asus\AppData\Roaming\npm\node_modules\pm2\lib\ProcessContainer.js:301:25
    at wrapper (C:\Users\Asus\AppData\Roaming\npm\node_modules\pm2\node_modules\async\internal\once.js:12:16)
Error: Cannot find module 'app-root-path'
Require stack:
- C:\it\webintro\fp-service-feedback\bin\www
    at Function.Module._resolveFilename (internal/modules/cjs/loader.js:794:15)
    at Module.Hook._require.Module.require (C:\Users\Asus\AppData\Roaming\npm\node_modules\pm2\node_modules\require-in-the-middle\index.js:61:29)
    at require (internal/modules/cjs/helpers.js:74:18)
    at Object.<anonymous> (C:\it\webintro\fp-service-feedback\bin\www:2:14)
    at Module._compile (internal/modules/cjs/loader.js:956:30)
    at Object.Module._extensions..js (internal/modules/cjs/loader.js:973:10)
    at Module.load (internal/modules/cjs/loader.js:812:32)
    at Function.Module._load (internal/modules/cjs/loader.js:724:14)
    at C:\Users\Asus\AppData\Roaming\npm\node_modules\pm2\lib\ProcessContainer.js:301:25
    at wrapper (C:\Users\Asus\AppData\Roaming\npm\node_modules\pm2\node_modules\async\internal\once.js:12:16)
Error: Cannot find module 'app-root-path'
Require stack:
- C:\it\webintro\fp-service-feedback\bin\www
    at Function.Module._resolveFilename (internal/modules/cjs/loader.js:794:15)
    at Module.Hook._require.Module.require (C:\Users\Asus\AppData\Roaming\npm\node_modules\pm2\node_modules\require-in-the-middle\index.js:61:29)
    at require (internal/modules/cjs/helpers.js:74:18)
    at Object.<anonymous> (C:\it\webintro\fp-service-feedback\bin\www:2:14)
    at Module._compile (internal/modules/cjs/loader.js:956:30)
    at Object.Module._extensions..js (internal/modules/cjs/loader.js:973:10)
    at Module.load (internal/modules/cjs/loader.js:812:32)
    at Function.Module._load (internal/modules/cjs/loader.js:724:14)
    at C:\Users\Asus\AppData\Roaming\npm\node_modules\pm2\lib\ProcessContainer.js:301:25
    at wrapper (C:\Users\Asus\AppData\Roaming\npm\node_modules\pm2\node_modules\async\internal\once.js:12:16)
Error: Cannot find module 'app-root-path'
Require stack:
- C:\it\webintro\fp-service-feedback\bin\www
    at Function.Module._resolveFilename (internal/modules/cjs/loader.js:794:15)
    at Module.Hook._require.Module.require (C:\Users\Asus\AppData\Roaming\npm\node_modules\pm2\node_modules\require-in-the-middle\index.js:61:29)
    at require (internal/modules/cjs/helpers.js:74:18)
    at Object.<anonymous> (C:\it\webintro\fp-service-feedback\bin\www:2:14)
    at Module._compile (internal/modules/cjs/loader.js:956:30)
    at Object.Module._extensions..js (internal/modules/cjs/loader.js:973:10)
    at Module.load (internal/modules/cjs/loader.js:812:32)
    at Function.Module._load (internal/modules/cjs/loader.js:724:14)
    at C:\Users\Asus\AppData\Roaming\npm\node_modules\pm2\lib\ProcessContainer.js:301:25
    at wrapper (C:\Users\Asus\AppData\Roaming\npm\node_modules\pm2\node_modules\async\internal\once.js:12:16)
Error: Cannot find module 'app-root-path'
Require stack:
- C:\it\webintro\fp-service-feedback\bin\www
    at Function.Module._resolveFilename (internal/modules/cjs/loader.js:794:15)
    at Module.Hook._require.Module.require (C:\Users\Asus\AppData\Roaming\npm\node_modules\pm2\node_modules\require-in-the-middle\index.js:61:29)
    at require (internal/modules/cjs/helpers.js:74:18)
    at Object.<anonymous> (C:\it\webintro\fp-service-feedback\bin\www:2:14)
    at Module._compile (internal/modules/cjs/loader.js:956:30)
    at Object.Module._extensions..js (internal/modules/cjs/loader.js:973:10)
    at Module.load (internal/modules/cjs/loader.js:812:32)
    at Function.Module._load (internal/modules/cjs/loader.js:724:14)
    at C:\Users\Asus\AppData\Roaming\npm\node_modules\pm2\lib\ProcessContainer.js:301:25
    at wrapper (C:\Users\Asus\AppData\Roaming\npm\node_modules\pm2\node_modules\async\internal\once.js:12:16)
Error: Cannot find module 'app-root-path'
Require stack:
- C:\it\webintro\fp-service-feedback\bin\www
    at Function.Module._resolveFilename (internal/modules/cjs/loader.js:794:15)
    at Module.Hook._require.Module.require (C:\Users\Asus\AppData\Roaming\npm\node_modules\pm2\node_modules\require-in-the-middle\index.js:61:29)
    at require (internal/modules/cjs/helpers.js:74:18)
    at Object.<anonymous> (C:\it\webintro\fp-service-feedback\bin\www:2:14)
    at Module._compile (internal/modules/cjs/loader.js:956:30)
    at Object.Module._extensions..js (internal/modules/cjs/loader.js:973:10)
    at Module.load (internal/modules/cjs/loader.js:812:32)
    at Function.Module._load (internal/modules/cjs/loader.js:724:14)
    at C:\Users\Asus\AppData\Roaming\npm\node_modules\pm2\lib\ProcessContainer.js:301:25
    at wrapper (C:\Users\Asus\AppData\Roaming\npm\node_modules\pm2\node_modules\async\internal\once.js:12:16)
Error: Cannot find module 'app-root-path'
Require stack:
- C:\it\webintro\fp-service-feedback\bin\www
    at Function.Module._resolveFilename (internal/modules/cjs/loader.js:794:15)
    at Module.Hook._require.Module.require (C:\Users\Asus\AppData\Roaming\npm\node_modules\pm2\node_modules\require-in-the-middle\index.js:61:29)
    at require (internal/modules/cjs/helpers.js:74:18)
    at Object.<anonymous> (C:\it\webintro\fp-service-feedback\bin\www:2:14)
    at Module._compile (internal/modules/cjs/loader.js:956:30)
    at Object.Module._extensions..js (internal/modules/cjs/loader.js:973:10)
    at Module.load (internal/modules/cjs/loader.js:812:32)
    at Function.Module._load (internal/modules/cjs/loader.js:724:14)
    at C:\Users\Asus\AppData\Roaming\npm\node_modules\pm2\lib\ProcessContainer.js:301:25
    at wrapper (C:\Users\Asus\AppData\Roaming\npm\node_modules\pm2\node_modules\async\internal\once.js:12:16)
Error: Cannot find module 'app-root-path'
Require stack:
- C:\it\webintro\fp-service-feedback\bin\www
    at Function.Module._resolveFilename (internal/modules/cjs/loader.js:794:15)
    at Module.Hook._require.Module.require (C:\Users\Asus\AppData\Roaming\npm\node_modules\pm2\node_modules\require-in-the-middle\index.js:61:29)
    at require (internal/modules/cjs/helpers.js:74:18)
    at Object.<anonymous> (C:\it\webintro\fp-service-feedback\bin\www:2:14)
    at Module._compile (internal/modules/cjs/loader.js:956:30)
    at Object.Module._extensions..js (internal/modules/cjs/loader.js:973:10)
    at Module.load (internal/modules/cjs/loader.js:812:32)
    at Function.Module._load (internal/modules/cjs/loader.js:724:14)
    at C:\Users\Asus\AppData\Roaming\npm\node_modules\pm2\lib\ProcessContainer.js:301:25
    at wrapper (C:\Users\Asus\AppData\Roaming\npm\node_modules\pm2\node_modules\async\internal\once.js:12:16)
Error: Cannot find module 'app-root-path'
Require stack:
- C:\it\webintro\fp-service-feedback\bin\www
    at Function.Module._resolveFilename (internal/modules/cjs/loader.js:794:15)
    at Module.Hook._require.Module.require (C:\Users\Asus\AppData\Roaming\npm\node_modules\pm2\node_modules\require-in-the-middle\index.js:61:29)
    at require (internal/modules/cjs/helpers.js:74:18)
    at Object.<anonymous> (C:\it\webintro\fp-service-feedback\bin\www:2:14)
    at Module._compile (internal/modules/cjs/loader.js:956:30)
    at Object.Module._extensions..js (internal/modules/cjs/loader.js:973:10)
    at Module.load (internal/modules/cjs/loader.js:812:32)
    at Function.Module._load (internal/modules/cjs/loader.js:724:14)
    at C:\Users\Asus\AppData\Roaming\npm\node_modules\pm2\lib\ProcessContainer.js:301:25
    at wrapper (C:\Users\Asus\AppData\Roaming\npm\node_modules\pm2\node_modules\async\internal\once.js:12:16)
Error: Cannot find module 'app-root-path'
Require stack:
- C:\it\webintro\fp-service-feedback\bin\www
    at Function.Module._resolveFilename (internal/modules/cjs/loader.js:794:15)
    at Module.Hook._require.Module.require (C:\Users\Asus\AppData\Roaming\npm\node_modules\pm2\node_modules\require-in-the-middle\index.js:61:29)
    at require (internal/modules/cjs/helpers.js:74:18)
    at Object.<anonymous> (C:\it\webintro\fp-service-feedback\bin\www:2:14)
    at Module._compile (internal/modules/cjs/loader.js:956:30)
    at Object.Module._extensions..js (internal/modules/cjs/loader.js:973:10)
    at Module.load (internal/modules/cjs/loader.js:812:32)
    at Function.Module._load (internal/modules/cjs/loader.js:724:14)
    at C:\Users\Asus\AppData\Roaming\npm\node_modules\pm2\lib\ProcessContainer.js:301:25
    at wrapper (C:\Users\Asus\AppData\Roaming\npm\node_modules\pm2\node_modules\async\internal\once.js:12:16)
Error: Cannot find module 'app-root-path'
Require stack:
- C:\it\webintro\fp-service-feedback\bin\www
    at Function.Module._resolveFilename (internal/modules/cjs/loader.js:794:15)
    at Module.Hook._require.Module.require (C:\Users\Asus\AppData\Roaming\npm\node_modules\pm2\node_modules\require-in-the-middle\index.js:61:29)
    at require (internal/modules/cjs/helpers.js:74:18)
    at Object.<anonymous> (C:\it\webintro\fp-service-feedback\bin\www:2:14)
    at Module._compile (internal/modules/cjs/loader.js:956:30)
    at Object.Module._extensions..js (internal/modules/cjs/loader.js:973:10)
    at Module.load (internal/modules/cjs/loader.js:812:32)
    at Function.Module._load (internal/modules/cjs/loader.js:724:14)
    at C:\Users\Asus\AppData\Roaming\npm\node_modules\pm2\lib\ProcessContainer.js:301:25
    at wrapper (C:\Users\Asus\AppData\Roaming\npm\node_modules\pm2\node_modules\async\internal\once.js:12:16)
Error: Cannot find module 'app-root-path'
Require stack:
- C:\it\webintro\fp-service-feedback\bin\www
    at Function.Module._resolveFilename (internal/modules/cjs/loader.js:794:15)
    at Module.Hook._require.Module.require (C:\Users\Asus\AppData\Roaming\npm\node_modules\pm2\node_modules\require-in-the-middle\index.js:61:29)
    at require (internal/modules/cjs/helpers.js:74:18)
    at Object.<anonymous> (C:\it\webintro\fp-service-feedback\bin\www:2:14)
    at Module._compile (internal/modules/cjs/loader.js:956:30)
    at Object.Module._extensions..js (internal/modules/cjs/loader.js:973:10)
    at Module.load (internal/modules/cjs/loader.js:812:32)
    at Function.Module._load (internal/modules/cjs/loader.js:724:14)
    at C:\Users\Asus\AppData\Roaming\npm\node_modules\pm2\lib\ProcessContainer.js:301:25
    at wrapper (C:\Users\Asus\AppData\Roaming\npm\node_modules\pm2\node_modules\async\internal\once.js:12:16)
Error: Cannot find module 'app-root-path'
Require stack:
- C:\it\webintro\fp-service-feedback\bin\www
    at Function.Module._resolveFilename (internal/modules/cjs/loader.js:794:15)
    at Module.Hook._require.Module.require (C:\Users\Asus\AppData\Roaming\npm\node_modules\pm2\node_modules\require-in-the-middle\index.js:61:29)
    at require (internal/modules/cjs/helpers.js:74:18)
    at Object.<anonymous> (C:\it\webintro\fp-service-feedback\bin\www:2:14)
    at Module._compile (internal/modules/cjs/loader.js:956:30)
    at Object.Module._extensions..js (internal/modules/cjs/loader.js:973:10)
    at Module.load (internal/modules/cjs/loader.js:812:32)
    at Function.Module._load (internal/modules/cjs/loader.js:724:14)
    at C:\Users\Asus\AppData\Roaming\npm\node_modules\pm2\lib\ProcessContainer.js:301:25
    at wrapper (C:\Users\Asus\AppData\Roaming\npm\node_modules\pm2\node_modules\async\internal\once.js:12:16)
Error: Cannot find module 'app-root-path'
Require stack:
- C:\it\webintro\fp-service-feedback\bin\www
    at Function.Module._resolveFilename (internal/modules/cjs/loader.js:794:15)
    at Module.Hook._require.Module.require (C:\Users\Asus\AppData\Roaming\npm\node_modules\pm2\node_modules\require-in-the-middle\index.js:61:29)
    at require (internal/modules/cjs/helpers.js:74:18)
    at Object.<anonymous> (C:\it\webintro\fp-service-feedback\bin\www:2:14)
    at Module._compile (internal/modules/cjs/loader.js:956:30)
    at Object.Module._extensions..js (internal/modules/cjs/loader.js:973:10)
    at Module.load (internal/modules/cjs/loader.js:812:32)
    at Function.Module._load (internal/modules/cjs/loader.js:724:14)
    at C:\Users\Asus\AppData\Roaming\npm\node_modules\pm2\lib\ProcessContainer.js:301:25
    at wrapper (C:\Users\Asus\AppData\Roaming\npm\node_modules\pm2\node_modules\async\internal\once.js:12:16)
Error: Cannot find module 'app-root-path'
Require stack:
- C:\it\webintro\fp-service-feedback\bin\www
    at Function.Module._resolveFilename (internal/modules/cjs/loader.js:794:15)
    at Module.Hook._require.Module.require (C:\Users\Asus\AppData\Roaming\npm\node_modules\pm2\node_modules\require-in-the-middle\index.js:61:29)
    at require (internal/modules/cjs/helpers.js:74:18)
    at Object.<anonymous> (C:\it\webintro\fp-service-feedback\bin\www:2:14)
    at Module._compile (internal/modules/cjs/loader.js:956:30)
    at Object.Module._extensions..js (internal/modules/cjs/loader.js:973:10)
    at Module.load (internal/modules/cjs/loader.js:812:32)
    at Function.Module._load (internal/modules/cjs/loader.js:724:14)
    at C:\Users\Asus\AppData\Roaming\npm\node_modules\pm2\lib\ProcessContainer.js:301:25
    at wrapper (C:\Users\Asus\AppData\Roaming\npm\node_modules\pm2\node_modules\async\internal\once.js:12:16)
Error: Cannot find module 'app-root-path'
Require stack:
- C:\it\webintro\fp-service-feedback\bin\www
    at Function.Module._resolveFilename (internal/modules/cjs/loader.js:794:15)
    at Module.Hook._require.Module.require (C:\Users\Asus\AppData\Roaming\npm\node_modules\pm2\node_modules\require-in-the-middle\index.js:61:29)
    at require (internal/modules/cjs/helpers.js:74:18)
    at Object.<anonymous> (C:\it\webintro\fp-service-feedback\bin\www:2:14)
    at Module._compile (internal/modules/cjs/loader.js:956:30)
    at Object.Module._extensions..js (internal/modules/cjs/loader.js:973:10)
    at Module.load (internal/modules/cjs/loader.js:812:32)
    at Function.Module._load (internal/modules/cjs/loader.js:724:14)
    at C:\Users\Asus\AppData\Roaming\npm\node_modules\pm2\lib\ProcessContainer.js:301:25
    at wrapper (C:\Users\Asus\AppData\Roaming\npm\node_modules\pm2\node_modules\async\internal\once.js:12:16)
Error: Cannot find module 'app-root-path'
Require stack:
- C:\it\webintro\fp-service-feedback\bin\www
    at Function.Module._resolveFilename (internal/modules/cjs/loader.js:794:15)
    at Module.Hook._require.Module.require (C:\Users\Asus\AppData\Roaming\npm\node_modules\pm2\node_modules\require-in-the-middle\index.js:61:29)
    at require (internal/modules/cjs/helpers.js:74:18)
    at Object.<anonymous> (C:\it\webintro\fp-service-feedback\bin\www:2:14)
    at Module._compile (internal/modules/cjs/loader.js:956:30)
    at Object.Module._extensions..js (internal/modules/cjs/loader.js:973:10)
    at Module.load (internal/modules/cjs/loader.js:812:32)
    at Function.Module._load (internal/modules/cjs/loader.js:724:14)
    at C:\Users\Asus\AppData\Roaming\npm\node_modules\pm2\lib\ProcessContainer.js:301:25
    at wrapper (C:\Users\Asus\AppData\Roaming\npm\node_modules\pm2\node_modules\async\internal\once.js:12:16)
Error: Cannot find module 'app-root-path'
Require stack:
- C:\it\webintro\fp-service-feedback\bin\www
    at Function.Module._resolveFilename (internal/modules/cjs/loader.js:794:15)
    at Module.Hook._require.Module.require (C:\Users\Asus\AppData\Roaming\npm\node_modules\pm2\node_modules\require-in-the-middle\index.js:61:29)
    at require (internal/modules/cjs/helpers.js:74:18)
    at Object.<anonymous> (C:\it\webintro\fp-service-feedback\bin\www:2:14)
    at Module._compile (internal/modules/cjs/loader.js:956:30)
    at Object.Module._extensions..js (internal/modules/cjs/loader.js:973:10)
    at Module.load (internal/modules/cjs/loader.js:812:32)
    at Function.Module._load (internal/modules/cjs/loader.js:724:14)
    at C:\Users\Asus\AppData\Roaming\npm\node_modules\pm2\lib\ProcessContainer.js:301:25
    at wrapper (C:\Users\Asus\AppData\Roaming\npm\node_modules\pm2\node_modules\async\internal\once.js:12:16)
Error: Cannot find module 'app-root-path'
Require stack:
- C:\it\webintro\fp-service-feedback\bin\www
    at Function.Module._resolveFilename (internal/modules/cjs/loader.js:794:15)
    at Module.Hook._require.Module.require (C:\Users\Asus\AppData\Roaming\npm\node_modules\pm2\node_modules\require-in-the-middle\index.js:61:29)
    at require (internal/modules/cjs/helpers.js:74:18)
    at Object.<anonymous> (C:\it\webintro\fp-service-feedback\bin\www:2:14)
    at Module._compile (internal/modules/cjs/loader.js:956:30)
    at Object.Module._extensions..js (internal/modules/cjs/loader.js:973:10)
    at Module.load (internal/modules/cjs/loader.js:812:32)
    at Function.Module._load (internal/modules/cjs/loader.js:724:14)
    at C:\Users\Asus\AppData\Roaming\npm\node_modules\pm2\lib\ProcessContainer.js:301:25
    at wrapper (C:\Users\Asus\AppData\Roaming\npm\node_modules\pm2\node_modules\async\internal\once.js:12:16)
Error: Cannot find module 'app-root-path'
Require stack:
- C:\it\webintro\fp-service-feedback\bin\www
    at Function.Module._resolveFilename (internal/modules/cjs/loader.js:794:15)
    at Module.Hook._require.Module.require (C:\Users\Asus\AppData\Roaming\npm\node_modules\pm2\node_modules\require-in-the-middle\index.js:61:29)
    at require (internal/modules/cjs/helpers.js:74:18)
    at Object.<anonymous> (C:\it\webintro\fp-service-feedback\bin\www:2:14)
    at Module._compile (internal/modules/cjs/loader.js:956:30)
    at Object.Module._extensions..js (internal/modules/cjs/loader.js:973:10)
    at Module.load (internal/modules/cjs/loader.js:812:32)
    at Function.Module._load (internal/modules/cjs/loader.js:724:14)
    at C:\Users\Asus\AppData\Roaming\npm\node_modules\pm2\lib\ProcessContainer.js:301:25
    at wrapper (C:\Users\Asus\AppData\Roaming\npm\node_modules\pm2\node_modules\async\internal\once.js:12:16)
Error: Cannot find module 'app-root-path'
Require stack:
- C:\it\webintro\fp-service-feedback\bin\www
    at Function.Module._resolveFilename (internal/modules/cjs/loader.js:794:15)
    at Module.Hook._require.Module.require (C:\Users\Asus\AppData\Roaming\npm\node_modules\pm2\node_modules\require-in-the-middle\index.js:61:29)
    at require (internal/modules/cjs/helpers.js:74:18)
    at Object.<anonymous> (C:\it\webintro\fp-service-feedback\bin\www:2:14)
    at Module._compile (internal/modules/cjs/loader.js:956:30)
    at Object.Module._extensions..js (internal/modules/cjs/loader.js:973:10)
    at Module.load (internal/modules/cjs/loader.js:812:32)
    at Function.Module._load (internal/modules/cjs/loader.js:724:14)
    at C:\Users\Asus\AppData\Roaming\npm\node_modules\pm2\lib\ProcessContainer.js:301:25
    at wrapper (C:\Users\Asus\AppData\Roaming\npm\node_modules\pm2\node_modules\async\internal\once.js:12:16)
Error: Cannot find module 'app-root-path'
Require stack:
- C:\it\webintro\fp-service-feedback\bin\www
    at Function.Module._resolveFilename (internal/modules/cjs/loader.js:794:15)
    at Module.Hook._require.Module.require (C:\Users\Asus\AppData\Roaming\npm\node_modules\pm2\node_modules\require-in-the-middle\index.js:61:29)
    at require (internal/modules/cjs/helpers.js:74:18)
    at Object.<anonymous> (C:\it\webintro\fp-service-feedback\bin\www:2:14)
    at Module._compile (internal/modules/cjs/loader.js:956:30)
    at Object.Module._extensions..js (internal/modules/cjs/loader.js:973:10)
    at Module.load (internal/modules/cjs/loader.js:812:32)
    at Function.Module._load (internal/modules/cjs/loader.js:724:14)
    at C:\Users\Asus\AppData\Roaming\npm\node_modules\pm2\lib\ProcessContainer.js:301:25
    at wrapper (C:\Users\Asus\AppData\Roaming\npm\node_modules\pm2\node_modules\async\internal\once.js:12:16)
Error: Cannot find module 'app-root-path'
Require stack:
- C:\it\webintro\fp-service-feedback\bin\www
    at Function.Module._resolveFilename (internal/modules/cjs/loader.js:794:15)
    at Module.Hook._require.Module.require (C:\Users\Asus\AppData\Roaming\npm\node_modules\pm2\node_modules\require-in-the-middle\index.js:61:29)
    at require (internal/modules/cjs/helpers.js:74:18)
    at Object.<anonymous> (C:\it\webintro\fp-service-feedback\bin\www:2:14)
    at Module._compile (internal/modules/cjs/loader.js:956:30)
    at Object.Module._extensions..js (internal/modules/cjs/loader.js:973:10)
    at Module.load (internal/modules/cjs/loader.js:812:32)
    at Function.Module._load (internal/modules/cjs/loader.js:724:14)
    at C:\Users\Asus\AppData\Roaming\npm\node_modules\pm2\lib\ProcessContainer.js:301:25
    at wrapper (C:\Users\Asus\AppData\Roaming\npm\node_modules\pm2\node_modules\async\internal\once.js:12:16)
Error: Cannot find module 'app-root-path'
Require stack:
- C:\it\webintro\fp-service-feedback\bin\www
    at Function.Module._resolveFilename (internal/modules/cjs/loader.js:794:15)
    at Module.Hook._require.Module.require (C:\Users\Asus\AppData\Roaming\npm\node_modules\pm2\node_modules\require-in-the-middle\index.js:61:29)
    at require (internal/modules/cjs/helpers.js:74:18)
    at Object.<anonymous> (C:\it\webintro\fp-service-feedback\bin\www:2:14)
    at Module._compile (internal/modules/cjs/loader.js:956:30)
    at Object.Module._extensions..js (internal/modules/cjs/loader.js:973:10)
    at Module.load (internal/modules/cjs/loader.js:812:32)
    at Function.Module._load (internal/modules/cjs/loader.js:724:14)
    at C:\Users\Asus\AppData\Roaming\npm\node_modules\pm2\lib\ProcessContainer.js:301:25
    at wrapper (C:\Users\Asus\AppData\Roaming\npm\node_modules\pm2\node_modules\async\internal\once.js:12:16)
Error: Cannot find module 'app-root-path'
Require stack:
- C:\it\webintro\fp-service-feedback\bin\www
    at Function.Module._resolveFilename (internal/modules/cjs/loader.js:794:15)
    at Module.Hook._require.Module.require (C:\Users\Asus\AppData\Roaming\npm\node_modules\pm2\node_modules\require-in-the-middle\index.js:61:29)
    at require (internal/modules/cjs/helpers.js:74:18)
    at Object.<anonymous> (C:\it\webintro\fp-service-feedback\bin\www:2:14)
    at Module._compile (internal/modules/cjs/loader.js:956:30)
    at Object.Module._extensions..js (internal/modules/cjs/loader.js:973:10)
    at Module.load (internal/modules/cjs/loader.js:812:32)
    at Function.Module._load (internal/modules/cjs/loader.js:724:14)
    at C:\Users\Asus\AppData\Roaming\npm\node_modules\pm2\lib\ProcessContainer.js:301:25
    at wrapper (C:\Users\Asus\AppData\Roaming\npm\node_modules\pm2\node_modules\async\internal\once.js:12:16)
Error: Cannot find module 'app-root-path'
Require stack:
- C:\it\webintro\fp-service-feedback\bin\www
    at Function.Module._resolveFilename (internal/modules/cjs/loader.js:794:15)
    at Module.Hook._require.Module.require (C:\Users\Asus\AppData\Roaming\npm\node_modules\pm2\node_modules\require-in-the-middle\index.js:61:29)
    at require (internal/modules/cjs/helpers.js:74:18)
    at Object.<anonymous> (C:\it\webintro\fp-service-feedback\bin\www:2:14)
    at Module._compile (internal/modules/cjs/loader.js:956:30)
    at Object.Module._extensions..js (internal/modules/cjs/loader.js:973:10)
    at Module.load (internal/modules/cjs/loader.js:812:32)
    at Function.Module._load (internal/modules/cjs/loader.js:724:14)
    at C:\Users\Asus\AppData\Roaming\npm\node_modules\pm2\lib\ProcessContainer.js:301:25
    at wrapper (C:\Users\Asus\AppData\Roaming\npm\node_modules\pm2\node_modules\async\internal\once.js:12:16)
Error: Cannot find module 'app-root-path'
Require stack:
- C:\it\webintro\fp-service-feedback\bin\www
    at Function.Module._resolveFilename (internal/modules/cjs/loader.js:794:15)
    at Module.Hook._require.Module.require (C:\Users\Asus\AppData\Roaming\npm\node_modules\pm2\node_modules\require-in-the-middle\index.js:61:29)
    at require (internal/modules/cjs/helpers.js:74:18)
    at Object.<anonymous> (C:\it\webintro\fp-service-feedback\bin\www:2:14)
    at Module._compile (internal/modules/cjs/loader.js:956:30)
    at Object.Module._extensions..js (internal/modules/cjs/loader.js:973:10)
    at Module.load (internal/modules/cjs/loader.js:812:32)
    at Function.Module._load (internal/modules/cjs/loader.js:724:14)
    at C:\Users\Asus\AppData\Roaming\npm\node_modules\pm2\lib\ProcessContainer.js:301:25
    at wrapper (C:\Users\Asus\AppData\Roaming\npm\node_modules\pm2\node_modules\async\internal\once.js:12:16)
Error: Cannot find module 'app-root-path'
Require stack:
- C:\it\webintro\fp-service-feedback\bin\www
    at Function.Module._resolveFilename (internal/modules/cjs/loader.js:794:15)
    at Module.Hook._require.Module.require (C:\Users\Asus\AppData\Roaming\npm\node_modules\pm2\node_modules\require-in-the-middle\index.js:61:29)
    at require (internal/modules/cjs/helpers.js:74:18)
    at Object.<anonymous> (C:\it\webintro\fp-service-feedback\bin\www:2:14)
    at Module._compile (internal/modules/cjs/loader.js:956:30)
    at Object.Module._extensions..js (internal/modules/cjs/loader.js:973:10)
    at Module.load (internal/modules/cjs/loader.js:812:32)
    at Function.Module._load (internal/modules/cjs/loader.js:724:14)
    at C:\Users\Asus\AppData\Roaming\npm\node_modules\pm2\lib\ProcessContainer.js:301:25
    at wrapper (C:\Users\Asus\AppData\Roaming\npm\node_modules\pm2\node_modules\async\internal\once.js:12:16)
Error: Cannot find module 'app-root-path'
Require stack:
- C:\it\webintro\fp-service-feedback\bin\www
    at Function.Module._resolveFilename (internal/modules/cjs/loader.js:794:15)
    at Module.Hook._require.Module.require (C:\Users\Asus\AppData\Roaming\npm\node_modules\pm2\node_modules\require-in-the-middle\index.js:61:29)
    at require (internal/modules/cjs/helpers.js:74:18)
    at Object.<anonymous> (C:\it\webintro\fp-service-feedback\bin\www:2:14)
    at Module._compile (internal/modules/cjs/loader.js:956:30)
    at Object.Module._extensions..js (internal/modules/cjs/loader.js:973:10)
    at Module.load (internal/modules/cjs/loader.js:812:32)
    at Function.Module._load (internal/modules/cjs/loader.js:724:14)
    at C:\Users\Asus\AppData\Roaming\npm\node_modules\pm2\lib\ProcessContainer.js:301:25
    at wrapper (C:\Users\Asus\AppData\Roaming\npm\node_modules\pm2\node_modules\async\internal\once.js:12:16)
Error: Cannot find module 'app-root-path'
Require stack:
- C:\it\webintro\fp-service-feedback\bin\www
    at Function.Module._resolveFilename (internal/modules/cjs/loader.js:794:15)
    at Module.Hook._require.Module.require (C:\Users\Asus\AppData\Roaming\npm\node_modules\pm2\node_modules\require-in-the-middle\index.js:61:29)
    at require (internal/modules/cjs/helpers.js:74:18)
    at Object.<anonymous> (C:\it\webintro\fp-service-feedback\bin\www:2:14)
    at Module._compile (internal/modules/cjs/loader.js:956:30)
    at Object.Module._extensions..js (internal/modules/cjs/loader.js:973:10)
    at Module.load (internal/modules/cjs/loader.js:812:32)
    at Function.Module._load (internal/modules/cjs/loader.js:724:14)
    at C:\Users\Asus\AppData\Roaming\npm\node_modules\pm2\lib\ProcessContainer.js:301:25
    at wrapper (C:\Users\Asus\AppData\Roaming\npm\node_modules\pm2\node_modules\async\internal\once.js:12:16)
Error: Cannot find module 'app-root-path'
Require stack:
- C:\it\webintro\fp-service-feedback\bin\www
    at Function.Module._resolveFilename (internal/modules/cjs/loader.js:794:15)
    at Module.Hook._require.Module.require (C:\Users\Asus\AppData\Roaming\npm\node_modules\pm2\node_modules\require-in-the-middle\index.js:61:29)
    at require (internal/modules/cjs/helpers.js:74:18)
    at Object.<anonymous> (C:\it\webintro\fp-service-feedback\bin\www:2:14)
    at Module._compile (internal/modules/cjs/loader.js:956:30)
    at Object.Module._extensions..js (internal/modules/cjs/loader.js:973:10)
    at Module.load (internal/modules/cjs/loader.js:812:32)
    at Function.Module._load (internal/modules/cjs/loader.js:724:14)
    at C:\Users\Asus\AppData\Roaming\npm\node_modules\pm2\lib\ProcessContainer.js:301:25
    at wrapper (C:\Users\Asus\AppData\Roaming\npm\node_modules\pm2\node_modules\async\internal\once.js:12:16)
Error: Cannot find module 'app-root-path'
Require stack:
- C:\it\webintro\fp-service-feedback\bin\www
    at Function.Module._resolveFilename (internal/modules/cjs/loader.js:794:15)
    at Module.Hook._require.Module.require (C:\Users\Asus\AppData\Roaming\npm\node_modules\pm2\node_modules\require-in-the-middle\index.js:61:29)
    at require (internal/modules/cjs/helpers.js:74:18)
    at Object.<anonymous> (C:\it\webintro\fp-service-feedback\bin\www:2:14)
    at Module._compile (internal/modules/cjs/loader.js:956:30)
    at Object.Module._extensions..js (internal/modules/cjs/loader.js:973:10)
    at Module.load (internal/modules/cjs/loader.js:812:32)
    at Function.Module._load (internal/modules/cjs/loader.js:724:14)
    at C:\Users\Asus\AppData\Roaming\npm\node_modules\pm2\lib\ProcessContainer.js:301:25
    at wrapper (C:\Users\Asus\AppData\Roaming\npm\node_modules\pm2\node_modules\async\internal\once.js:12:16)
Error: Cannot find module 'app-root-path'
Require stack:
- C:\it\webintro\fp-service-feedback\bin\www
    at Function.Module._resolveFilename (internal/modules/cjs/loader.js:794:15)
    at Module.Hook._require.Module.require (C:\Users\Asus\AppData\Roaming\npm\node_modules\pm2\node_modules\require-in-the-middle\index.js:61:29)
    at require (internal/modules/cjs/helpers.js:74:18)
    at Object.<anonymous> (C:\it\webintro\fp-service-feedback\bin\www:2:14)
    at Module._compile (internal/modules/cjs/loader.js:956:30)
    at Object.Module._extensions..js (internal/modules/cjs/loader.js:973:10)
    at Module.load (internal/modules/cjs/loader.js:812:32)
    at Function.Module._load (internal/modules/cjs/loader.js:724:14)
    at C:\Users\Asus\AppData\Roaming\npm\node_modules\pm2\lib\ProcessContainer.js:301:25
    at wrapper (C:\Users\Asus\AppData\Roaming\npm\node_modules\pm2\node_modules\async\internal\once.js:12:16)
Error: Cannot find module 'app-root-path'
Require stack:
- C:\it\webintro\fp-service-feedback\bin\www
    at Function.Module._resolveFilename (internal/modules/cjs/loader.js:794:15)
    at Module.Hook._require.Module.require (C:\Users\Asus\AppData\Roaming\npm\node_modules\pm2\node_modules\require-in-the-middle\index.js:61:29)
    at require (internal/modules/cjs/helpers.js:74:18)
    at Object.<anonymous> (C:\it\webintro\fp-service-feedback\bin\www:2:14)
    at Module._compile (internal/modules/cjs/loader.js:956:30)
    at Object.Module._extensions..js (internal/modules/cjs/loader.js:973:10)
    at Module.load (internal/modules/cjs/loader.js:812:32)
    at Function.Module._load (internal/modules/cjs/loader.js:724:14)
    at C:\Users\Asus\AppData\Roaming\npm\node_modules\pm2\lib\ProcessContainer.js:301:25
    at wrapper (C:\Users\Asus\AppData\Roaming\npm\node_modules\pm2\node_modules\async\internal\once.js:12:16)
Error: Cannot find module 'app-root-path'
Require stack:
- C:\it\webintro\fp-service-feedback\bin\www
    at Function.Module._resolveFilename (internal/modules/cjs/loader.js:794:15)
    at Module.Hook._require.Module.require (C:\Users\Asus\AppData\Roaming\npm\node_modules\pm2\node_modules\require-in-the-middle\index.js:61:29)
    at require (internal/modules/cjs/helpers.js:74:18)
    at Object.<anonymous> (C:\it\webintro\fp-service-feedback\bin\www:2:14)
    at Module._compile (internal/modules/cjs/loader.js:956:30)
    at Object.Module._extensions..js (internal/modules/cjs/loader.js:973:10)
    at Module.load (internal/modules/cjs/loader.js:812:32)
    at Function.Module._load (internal/modules/cjs/loader.js:724:14)
    at C:\Users\Asus\AppData\Roaming\npm\node_modules\pm2\lib\ProcessContainer.js:301:25
    at wrapper (C:\Users\Asus\AppData\Roaming\npm\node_modules\pm2\node_modules\async\internal\once.js:12:16)
Error: Cannot find module 'app-root-path'
Require stack:
- C:\it\webintro\fp-service-feedback\bin\www
    at Function.Module._resolveFilename (internal/modules/cjs/loader.js:794:15)
    at Module.Hook._require.Module.require (C:\Users\Asus\AppData\Roaming\npm\node_modules\pm2\node_modules\require-in-the-middle\index.js:61:29)
    at require (internal/modules/cjs/helpers.js:74:18)
    at Object.<anonymous> (C:\it\webintro\fp-service-feedback\bin\www:2:14)
    at Module._compile (internal/modules/cjs/loader.js:956:30)
    at Object.Module._extensions..js (internal/modules/cjs/loader.js:973:10)
    at Module.load (internal/modules/cjs/loader.js:812:32)
    at Function.Module._load (internal/modules/cjs/loader.js:724:14)
    at C:\Users\Asus\AppData\Roaming\npm\node_modules\pm2\lib\ProcessContainer.js:301:25
    at wrapper (C:\Users\Asus\AppData\Roaming\npm\node_modules\pm2\node_modules\async\internal\once.js:12:16)
Error: Cannot find module 'app-root-path'
Require stack:
- C:\it\webintro\fp-service-feedback\bin\www
    at Function.Module._resolveFilename (internal/modules/cjs/loader.js:794:15)
    at Module.Hook._require.Module.require (C:\Users\Asus\AppData\Roaming\npm\node_modules\pm2\node_modules\require-in-the-middle\index.js:61:29)
    at require (internal/modules/cjs/helpers.js:74:18)
    at Object.<anonymous> (C:\it\webintro\fp-service-feedback\bin\www:2:14)
    at Module._compile (internal/modules/cjs/loader.js:956:30)
    at Object.Module._extensions..js (internal/modules/cjs/loader.js:973:10)
    at Module.load (internal/modules/cjs/loader.js:812:32)
    at Function.Module._load (internal/modules/cjs/loader.js:724:14)
    at C:\Users\Asus\AppData\Roaming\npm\node_modules\pm2\lib\ProcessContainer.js:301:25
    at wrapper (C:\Users\Asus\AppData\Roaming\npm\node_modules\pm2\node_modules\async\internal\once.js:12:16)
Error: Cannot find module 'app-root-path'
Require stack:
- C:\it\webintro\fp-service-feedback\bin\www
    at Function.Module._resolveFilename (internal/modules/cjs/loader.js:794:15)
    at Module.Hook._require.Module.require (C:\Users\Asus\AppData\Roaming\npm\node_modules\pm2\node_modules\require-in-the-middle\index.js:61:29)
    at require (internal/modules/cjs/helpers.js:74:18)
    at Object.<anonymous> (C:\it\webintro\fp-service-feedback\bin\www:2:14)
    at Module._compile (internal/modules/cjs/loader.js:956:30)
    at Object.Module._extensions..js (internal/modules/cjs/loader.js:973:10)
    at Module.load (internal/modules/cjs/loader.js:812:32)
    at Function.Module._load (internal/modules/cjs/loader.js:724:14)
    at C:\Users\Asus\AppData\Roaming\npm\node_modules\pm2\lib\ProcessContainer.js:301:25
    at wrapper (C:\Users\Asus\AppData\Roaming\npm\node_modules\pm2\node_modules\async\internal\once.js:12:16)
Error: Cannot find module 'app-root-path'
Require stack:
- C:\it\webintro\fp-service-feedback\bin\www
    at Function.Module._resolveFilename (internal/modules/cjs/loader.js:794:15)
    at Module.Hook._require.Module.require (C:\Users\Asus\AppData\Roaming\npm\node_modules\pm2\node_modules\require-in-the-middle\index.js:61:29)
    at require (internal/modules/cjs/helpers.js:74:18)
    at Object.<anonymous> (C:\it\webintro\fp-service-feedback\bin\www:2:14)
    at Module._compile (internal/modules/cjs/loader.js:956:30)
    at Object.Module._extensions..js (internal/modules/cjs/loader.js:973:10)
    at Module.load (internal/modules/cjs/loader.js:812:32)
    at Function.Module._load (internal/modules/cjs/loader.js:724:14)
    at C:\Users\Asus\AppData\Roaming\npm\node_modules\pm2\lib\ProcessContainer.js:301:25
    at wrapper (C:\Users\Asus\AppData\Roaming\npm\node_modules\pm2\node_modules\async\internal\once.js:12:16)
Error: Cannot find module 'app-root-path'
Require stack:
- C:\it\webintro\fp-service-feedback\bin\www
    at Function.Module._resolveFilename (internal/modules/cjs/loader.js:794:15)
    at Module.Hook._require.Module.require (C:\Users\Asus\AppData\Roaming\npm\node_modules\pm2\node_modules\require-in-the-middle\index.js:61:29)
    at require (internal/modules/cjs/helpers.js:74:18)
    at Object.<anonymous> (C:\it\webintro\fp-service-feedback\bin\www:2:14)
    at Module._compile (internal/modules/cjs/loader.js:956:30)
    at Object.Module._extensions..js (internal/modules/cjs/loader.js:973:10)
    at Module.load (internal/modules/cjs/loader.js:812:32)
    at Function.Module._load (internal/modules/cjs/loader.js:724:14)
    at C:\Users\Asus\AppData\Roaming\npm\node_modules\pm2\lib\ProcessContainer.js:301:25
    at wrapper (C:\Users\Asus\AppData\Roaming\npm\node_modules\pm2\node_modules\async\internal\once.js:12:16)
Error: Cannot find module 'app-root-path'
Require stack:
- C:\it\webintro\fp-service-feedback\bin\www
    at Function.Module._resolveFilename (internal/modules/cjs/loader.js:794:15)
    at Module.Hook._require.Module.require (C:\Users\Asus\AppData\Roaming\npm\node_modules\pm2\node_modules\require-in-the-middle\index.js:61:29)
    at require (internal/modules/cjs/helpers.js:74:18)
    at Object.<anonymous> (C:\it\webintro\fp-service-feedback\bin\www:2:14)
    at Module._compile (internal/modules/cjs/loader.js:956:30)
    at Object.Module._extensions..js (internal/modules/cjs/loader.js:973:10)
    at Module.load (internal/modules/cjs/loader.js:812:32)
    at Function.Module._load (internal/modules/cjs/loader.js:724:14)
    at C:\Users\Asus\AppData\Roaming\npm\node_modules\pm2\lib\ProcessContainer.js:301:25
    at wrapper (C:\Users\Asus\AppData\Roaming\npm\node_modules\pm2\node_modules\async\internal\once.js:12:16)
Error: Cannot find module 'app-root-path'
Require stack:
- C:\it\webintro\fp-service-feedback\bin\www
    at Function.Module._resolveFilename (internal/modules/cjs/loader.js:794:15)
    at Module.Hook._require.Module.require (C:\Users\Asus\AppData\Roaming\npm\node_modules\pm2\node_modules\require-in-the-middle\index.js:61:29)
    at require (internal/modules/cjs/helpers.js:74:18)
    at Object.<anonymous> (C:\it\webintro\fp-service-feedback\bin\www:2:14)
    at Module._compile (internal/modules/cjs/loader.js:956:30)
    at Object.Module._extensions..js (internal/modules/cjs/loader.js:973:10)
    at Module.load (internal/modules/cjs/loader.js:812:32)
    at Function.Module._load (internal/modules/cjs/loader.js:724:14)
    at C:\Users\Asus\AppData\Roaming\npm\node_modules\pm2\lib\ProcessContainer.js:301:25
    at wrapper (C:\Users\Asus\AppData\Roaming\npm\node_modules\pm2\node_modules\async\internal\once.js:12:16)
Error: Cannot find module 'app-root-path'
Require stack:
- C:\it\webintro\fp-service-feedback\bin\www
    at Function.Module._resolveFilename (internal/modules/cjs/loader.js:794:15)
    at Module.Hook._require.Module.require (C:\Users\Asus\AppData\Roaming\npm\node_modules\pm2\node_modules\require-in-the-middle\index.js:61:29)
    at require (internal/modules/cjs/helpers.js:74:18)
    at Object.<anonymous> (C:\it\webintro\fp-service-feedback\bin\www:2:14)
    at Module._compile (internal/modules/cjs/loader.js:956:30)
    at Object.Module._extensions..js (internal/modules/cjs/loader.js:973:10)
    at Module.load (internal/modules/cjs/loader.js:812:32)
    at Function.Module._load (internal/modules/cjs/loader.js:724:14)
    at C:\Users\Asus\AppData\Roaming\npm\node_modules\pm2\lib\ProcessContainer.js:301:25
    at wrapper (C:\Users\Asus\AppData\Roaming\npm\node_modules\pm2\node_modules\async\internal\once.js:12:16)
Error: Cannot find module 'app-root-path'
Require stack:
- C:\it\webintro\fp-service-feedback\bin\www
    at Function.Module._resolveFilename (internal/modules/cjs/loader.js:794:15)
    at Module.Hook._require.Module.require (C:\Users\Asus\AppData\Roaming\npm\node_modules\pm2\node_modules\require-in-the-middle\index.js:61:29)
    at require (internal/modules/cjs/helpers.js:74:18)
    at Object.<anonymous> (C:\it\webintro\fp-service-feedback\bin\www:2:14)
    at Module._compile (internal/modules/cjs/loader.js:956:30)
    at Object.Module._extensions..js (internal/modules/cjs/loader.js:973:10)
    at Module.load (internal/modules/cjs/loader.js:812:32)
    at Function.Module._load (internal/modules/cjs/loader.js:724:14)
    at C:\Users\Asus\AppData\Roaming\npm\node_modules\pm2\lib\ProcessContainer.js:301:25
    at wrapper (C:\Users\Asus\AppData\Roaming\npm\node_modules\pm2\node_modules\async\internal\once.js:12:16)
Error: Cannot find module 'app-root-path'
Require stack:
- C:\it\webintro\fp-service-feedback\bin\www
    at Function.Module._resolveFilename (internal/modules/cjs/loader.js:794:15)
    at Module.Hook._require.Module.require (C:\Users\Asus\AppData\Roaming\npm\node_modules\pm2\node_modules\require-in-the-middle\index.js:61:29)
    at require (internal/modules/cjs/helpers.js:74:18)
    at Object.<anonymous> (C:\it\webintro\fp-service-feedback\bin\www:2:14)
    at Module._compile (internal/modules/cjs/loader.js:956:30)
    at Object.Module._extensions..js (internal/modules/cjs/loader.js:973:10)
    at Module.load (internal/modules/cjs/loader.js:812:32)
    at Function.Module._load (internal/modules/cjs/loader.js:724:14)
    at C:\Users\Asus\AppData\Roaming\npm\node_modules\pm2\lib\ProcessContainer.js:301:25
    at wrapper (C:\Users\Asus\AppData\Roaming\npm\node_modules\pm2\node_modules\async\internal\once.js:12:16)
Error: Cannot find module 'app-root-path'
Require stack:
- C:\it\webintro\fp-service-feedback\bin\www
    at Function.Module._resolveFilename (internal/modules/cjs/loader.js:794:15)
    at Module.Hook._require.Module.require (C:\Users\Asus\AppData\Roaming\npm\node_modules\pm2\node_modules\require-in-the-middle\index.js:61:29)
    at require (internal/modules/cjs/helpers.js:74:18)
    at Object.<anonymous> (C:\it\webintro\fp-service-feedback\bin\www:2:14)
    at Module._compile (internal/modules/cjs/loader.js:956:30)
    at Object.Module._extensions..js (internal/modules/cjs/loader.js:973:10)
    at Module.load (internal/modules/cjs/loader.js:812:32)
    at Function.Module._load (internal/modules/cjs/loader.js:724:14)
    at C:\Users\Asus\AppData\Roaming\npm\node_modules\pm2\lib\ProcessContainer.js:301:25
    at wrapper (C:\Users\Asus\AppData\Roaming\npm\node_modules\pm2\node_modules\async\internal\once.js:12:16)
Error: Cannot find module 'app-root-path'
Require stack:
- C:\it\webintro\fp-service-feedback\bin\www
    at Function.Module._resolveFilename (internal/modules/cjs/loader.js:794:15)
    at Module.Hook._require.Module.require (C:\Users\Asus\AppData\Roaming\npm\node_modules\pm2\node_modules\require-in-the-middle\index.js:61:29)
    at require (internal/modules/cjs/helpers.js:74:18)
    at Object.<anonymous> (C:\it\webintro\fp-service-feedback\bin\www:2:14)
    at Module._compile (internal/modules/cjs/loader.js:956:30)
    at Object.Module._extensions..js (internal/modules/cjs/loader.js:973:10)
    at Module.load (internal/modules/cjs/loader.js:812:32)
    at Function.Module._load (internal/modules/cjs/loader.js:724:14)
    at C:\Users\Asus\AppData\Roaming\npm\node_modules\pm2\lib\ProcessContainer.js:301:25
    at wrapper (C:\Users\Asus\AppData\Roaming\npm\node_modules\pm2\node_modules\async\internal\once.js:12:16)
Error: Cannot find module 'app-root-path'
Require stack:
- C:\it\webintro\fp-service-feedback\bin\www
    at Function.Module._resolveFilename (internal/modules/cjs/loader.js:794:15)
    at Module.Hook._require.Module.require (C:\Users\Asus\AppData\Roaming\npm\node_modules\pm2\node_modules\require-in-the-middle\index.js:61:29)
    at require (internal/modules/cjs/helpers.js:74:18)
    at Object.<anonymous> (C:\it\webintro\fp-service-feedback\bin\www:2:14)
    at Module._compile (internal/modules/cjs/loader.js:956:30)
    at Object.Module._extensions..js (internal/modules/cjs/loader.js:973:10)
    at Module.load (internal/modules/cjs/loader.js:812:32)
    at Function.Module._load (internal/modules/cjs/loader.js:724:14)
    at C:\Users\Asus\AppData\Roaming\npm\node_modules\pm2\lib\ProcessContainer.js:301:25
    at wrapper (C:\Users\Asus\AppData\Roaming\npm\node_modules\pm2\node_modules\async\internal\once.js:12:16)
Error: Cannot find module 'app-root-path'
Require stack:
- C:\it\webintro\fp-service-feedback\bin\www
    at Function.Module._resolveFilename (internal/modules/cjs/loader.js:794:15)
    at Module.Hook._require.Module.require (C:\Users\Asus\AppData\Roaming\npm\node_modules\pm2\node_modules\require-in-the-middle\index.js:61:29)
    at require (internal/modules/cjs/helpers.js:74:18)
    at Object.<anonymous> (C:\it\webintro\fp-service-feedback\bin\www:2:14)
    at Module._compile (internal/modules/cjs/loader.js:956:30)
    at Object.Module._extensions..js (internal/modules/cjs/loader.js:973:10)
    at Module.load (internal/modules/cjs/loader.js:812:32)
    at Function.Module._load (internal/modules/cjs/loader.js:724:14)
    at C:\Users\Asus\AppData\Roaming\npm\node_modules\pm2\lib\ProcessContainer.js:301:25
    at wrapper (C:\Users\Asus\AppData\Roaming\npm\node_modules\pm2\node_modules\async\internal\once.js:12:16)
Error: Cannot find module 'app-root-path'
Require stack:
- C:\it\webintro\fp-service-feedback\bin\www
    at Function.Module._resolveFilename (internal/modules/cjs/loader.js:794:15)
    at Module.Hook._require.Module.require (C:\Users\Asus\AppData\Roaming\npm\node_modules\pm2\node_modules\require-in-the-middle\index.js:61:29)
    at require (internal/modules/cjs/helpers.js:74:18)
    at Object.<anonymous> (C:\it\webintro\fp-service-feedback\bin\www:2:14)
    at Module._compile (internal/modules/cjs/loader.js:956:30)
    at Object.Module._extensions..js (internal/modules/cjs/loader.js:973:10)
    at Module.load (internal/modules/cjs/loader.js:812:32)
    at Function.Module._load (internal/modules/cjs/loader.js:724:14)
    at C:\Users\Asus\AppData\Roaming\npm\node_modules\pm2\lib\ProcessContainer.js:301:25
    at wrapper (C:\Users\Asus\AppData\Roaming\npm\node_modules\pm2\node_modules\async\internal\once.js:12:16)
Error: Cannot find module 'app-root-path'
Require stack:
- C:\it\webintro\fp-service-feedback\bin\www
    at Function.Module._resolveFilename (internal/modules/cjs/loader.js:794:15)
    at Module.Hook._require.Module.require (C:\Users\Asus\AppData\Roaming\npm\node_modules\pm2\node_modules\require-in-the-middle\index.js:61:29)
    at require (internal/modules/cjs/helpers.js:74:18)
    at Object.<anonymous> (C:\it\webintro\fp-service-feedback\bin\www:2:14)
    at Module._compile (internal/modules/cjs/loader.js:956:30)
    at Object.Module._extensions..js (internal/modules/cjs/loader.js:973:10)
    at Module.load (internal/modules/cjs/loader.js:812:32)
    at Function.Module._load (internal/modules/cjs/loader.js:724:14)
    at C:\Users\Asus\AppData\Roaming\npm\node_modules\pm2\lib\ProcessContainer.js:301:25
    at wrapper (C:\Users\Asus\AppData\Roaming\npm\node_modules\pm2\node_modules\async\internal\once.js:12:16)
Error: Cannot find module 'app-root-path'
Require stack:
- C:\it\webintro\fp-service-feedback\bin\www
    at Function.Module._resolveFilename (internal/modules/cjs/loader.js:794:15)
    at Module.Hook._require.Module.require (C:\Users\Asus\AppData\Roaming\npm\node_modules\pm2\node_modules\require-in-the-middle\index.js:61:29)
    at require (internal/modules/cjs/helpers.js:74:18)
    at Object.<anonymous> (C:\it\webintro\fp-service-feedback\bin\www:2:14)
    at Module._compile (internal/modules/cjs/loader.js:956:30)
    at Object.Module._extensions..js (internal/modules/cjs/loader.js:973:10)
    at Module.load (internal/modules/cjs/loader.js:812:32)
    at Function.Module._load (internal/modules/cjs/loader.js:724:14)
    at C:\Users\Asus\AppData\Roaming\npm\node_modules\pm2\lib\ProcessContainer.js:301:25
    at wrapper (C:\Users\Asus\AppData\Roaming\npm\node_modules\pm2\node_modules\async\internal\once.js:12:16)
Error: Cannot find module 'app-root-path'
Require stack:
- C:\it\webintro\fp-service-feedback\bin\www
    at Function.Module._resolveFilename (internal/modules/cjs/loader.js:794:15)
    at Module.Hook._require.Module.require (C:\Users\Asus\AppData\Roaming\npm\node_modules\pm2\node_modules\require-in-the-middle\index.js:61:29)
    at require (internal/modules/cjs/helpers.js:74:18)
    at Object.<anonymous> (C:\it\webintro\fp-service-feedback\bin\www:2:14)
    at Module._compile (internal/modules/cjs/loader.js:956:30)
    at Object.Module._extensions..js (internal/modules/cjs/loader.js:973:10)
    at Module.load (internal/modules/cjs/loader.js:812:32)
    at Function.Module._load (internal/modules/cjs/loader.js:724:14)
    at C:\Users\Asus\AppData\Roaming\npm\node_modules\pm2\lib\ProcessContainer.js:301:25
    at wrapper (C:\Users\Asus\AppData\Roaming\npm\node_modules\pm2\node_modules\async\internal\once.js:12:16)
Error: Cannot find module 'app-root-path'
Require stack:
- C:\it\webintro\fp-service-feedback\bin\www
    at Function.Module._resolveFilename (internal/modules/cjs/loader.js:794:15)
    at Module.Hook._require.Module.require (C:\Users\Asus\AppData\Roaming\npm\node_modules\pm2\node_modules\require-in-the-middle\index.js:61:29)
    at require (internal/modules/cjs/helpers.js:74:18)
    at Object.<anonymous> (C:\it\webintro\fp-service-feedback\bin\www:2:14)
    at Module._compile (internal/modules/cjs/loader.js:956:30)
    at Object.Module._extensions..js (internal/modules/cjs/loader.js:973:10)
    at Module.load (internal/modules/cjs/loader.js:812:32)
    at Function.Module._load (internal/modules/cjs/loader.js:724:14)
    at C:\Users\Asus\AppData\Roaming\npm\node_modules\pm2\lib\ProcessContainer.js:301:25
    at wrapper (C:\Users\Asus\AppData\Roaming\npm\node_modules\pm2\node_modules\async\internal\once.js:12:16)
Error: Cannot find module 'app-root-path'
Require stack:
- C:\it\webintro\fp-service-feedback\bin\www
    at Function.Module._resolveFilename (internal/modules/cjs/loader.js:794:15)
    at Module.Hook._require.Module.require (C:\Users\Asus\AppData\Roaming\npm\node_modules\pm2\node_modules\require-in-the-middle\index.js:61:29)
    at require (internal/modules/cjs/helpers.js:74:18)
    at Object.<anonymous> (C:\it\webintro\fp-service-feedback\bin\www:2:14)
    at Module._compile (internal/modules/cjs/loader.js:956:30)
    at Object.Module._extensions..js (internal/modules/cjs/loader.js:973:10)
    at Module.load (internal/modules/cjs/loader.js:812:32)
    at Function.Module._load (internal/modules/cjs/loader.js:724:14)
    at C:\Users\Asus\AppData\Roaming\npm\node_modules\pm2\lib\ProcessContainer.js:301:25
    at wrapper (C:\Users\Asus\AppData\Roaming\npm\node_modules\pm2\node_modules\async\internal\once.js:12:16)
{"message":"Express server listening on port 3000","level":"info"}
{"message":"::1 - - [30/Apr/2020:13:30:19 +0000] \"GET / HTTP/1.1\" 200 669 \"-\" \"Mozilla/5.0 (Windows NT 10.0; Win64; x64) AppleWebKit/537.36 (KHTML, like Gecko) Chrome/80.0.3987.116 Safari/537.36 OPR/67.0.3575.130\"\n","level":"info"}
{"message":"::1 - - [30/Apr/2020:13:30:19 +0000] \"GET / HTTP/1.1\" 304 - \"-\" \"Mozilla/5.0 (Windows NT 10.0; Win64; x64) AppleWebKit/537.36 (KHTML, like Gecko) Chrome/80.0.3987.116 Safari/537.36 OPR/67.0.3575.130\"\n","level":"info"}
{"message":"::1 - - [30/Apr/2020:13:30:23 +0000] \"GET /favicon.ico HTTP/1.1\" 404 1076 \"http://localhost:3000/\" \"Mozilla/5.0 (Windows NT 10.0; Win64; x64) AppleWebKit/537.36 (KHTML, like Gecko) Chrome/80.0.3987.116 Safari/537.36 OPR/67.0.3575.130\"\n","level":"info"}
{"message":"Express server listening on port 3000","level":"info"}
{"message":"Express server listening on port 3000","level":"info"}
{"message":"::1 - - [30/Apr/2020:13:31:09 +0000] \"GET / HTTP/1.1\" 304 - \"-\" \"Mozilla/5.0 (Windows NT 10.0; Win64; x64) AppleWebKit/537.36 (KHTML, like Gecko) Chrome/80.0.3987.116 Safari/537.36 OPR/67.0.3575.130\"\n","level":"info"}
{"message":"::1 - - [30/Apr/2020:13:31:09 +0000] \"GET / HTTP/1.1\" 304 - \"-\" \"Mozilla/5.0 (Windows NT 10.0; Win64; x64) AppleWebKit/537.36 (KHTML, like Gecko) Chrome/80.0.3987.116 Safari/537.36 OPR/67.0.3575.130\"\n","level":"info"}
{"message":"::1 - - [30/Apr/2020:13:31:09 +0000] \"GET / HTTP/1.1\" 304 - \"-\" \"Mozilla/5.0 (Windows NT 10.0; Win64; x64) AppleWebKit/537.36 (KHTML, like Gecko) Chrome/80.0.3987.116 Safari/537.36 OPR/67.0.3575.130\"\n","level":"info"}
{"message":"::1 - - [30/Apr/2020:13:31:09 +0000] \"GET / HTTP/1.1\" 304 - \"-\" \"Mozilla/5.0 (Windows NT 10.0; Win64; x64) AppleWebKit/537.36 (KHTML, like Gecko) Chrome/80.0.3987.116 Safari/537.36 OPR/67.0.3575.130\"\n","level":"info"}
{"message":"::1 - - [30/Apr/2020:13:39:29 +0000] \"GET /atom.xml HTTP/1.1\" 200 2994 \"-\" \"Mozilla/5.0 (Windows NT 10.0; Win64; x64) AppleWebKit/537.36 (KHTML, like Gecko) Chrome/80.0.3987.116 Safari/537.36 OPR/67.0.3575.130\"\n","level":"info"}
{"message":"::1 - - [30/Apr/2020:13:39:29 +0000] \"GET /atom.xml HTTP/1.1\" 200 2994 \"-\" \"Mozilla/5.0 (Windows NT 10.0; Win64; x64) AppleWebKit/537.36 (KHTML, like Gecko) Chrome/80.0.3987.116 Safari/537.36 OPR/67.0.3575.130\"\n","level":"info"}
